<?xml version="1.0" encoding="UTF-8"?>
<!-- Generated by org.testng.reporters.JUnitReportReporter -->
<testsuite skipped="0" hostname="Vethiga" name="com.selbot.testcases.TC002_DuplicateLead" tests="1" failures="0" timestamp="20 Apr 2019 11:45:45 GMT" time="54.841" errors="0">
  <testcase name="duplicateLead" time="54.841" classname="com.selbot.testcases.TC002_DuplicateLead"/>
</testsuite> <!-- com.selbot.testcases.TC002_DuplicateLead -->
