<?xml version="1.0" encoding="UTF-8"?>
<!-- Generated by org.testng.reporters.JUnitReportReporter -->
<testsuite skipped="0" hostname="Vethiga" name="runner.LoginUsingCucumber" tests="2" failures="0" timestamp="21 Apr 2019 05:27:06 GMT" time="49.471" errors="0">
  <testcase name="runScenario" time="17.282" classname="runner.LoginUsingCucumber"/>
  <testcase name="runScenario" time="32.189" classname="runner.LoginUsingCucumber"/>
</testsuite> <!-- runner.LoginUsingCucumber -->
